#
# A fatal error has been detected by the Java Runtime Environment:
#
#  SIGSEGV (0xb) at pc=0x00007fc60cdbcb00, pid=7282, tid=140488739669760
#
# JRE version: 7.0_25-b30
# Java VM: OpenJDK 64-Bit Server VM (23.7-b01 mixed mode linux-amd64 compressed oops)
# Problematic frame:
# C  0x00007fc60cdbcb00
#
# Failed to write core dump. Core dumps have been disabled. To enable core dumping, try "ulimit -c unlimited" before starting Java again
#
# If you would like to submit a bug report, please include
# instructions on how to reproduce the bug and visit:
#   https://bugs.launchpad.net/ubuntu/+source/openjdk-7/
# The crash happened outside the Java Virtual Machine in native code.
# See problematic frame for where to report the bug.
#

---------------  T H R E A D  ---------------

Current thread (0x00007fc66432c000):  JavaThread "LWJGL Application" [_thread_in_native, id=7305, stack(0x00007fc6155c4000,0x00007fc6156c5000)]

siginfo:si_signo=SIGSEGV: si_errno=0, si_code=2 (SEGV_ACCERR), si_addr=0x00007fc60cdbcb00

Registers:
RAX=0x00007fc60cdbcb00, RBX=0x00007fc60cdbcc40, RCX=0x00007fc60cdbcc40, RDX=0x0000000000000000
RSP=0x00007fc6156c3518, RBP=0x00007fc60c87e2c0, RSI=0x00007fc60c87e2c0, RDI=0x00007fc60cdbcc40
R8 =0x00007fc66bd71000, R9 =0x00000000fffffffe, R10=0x00007fc661011f64, R11=0x00007fc66abf1f40
R12=0x00007fc60cda60a0, R13=0x0000000000000000, R14=0x00007fc6156c3620, R15=0x00007fc66432c000
RIP=0x00007fc60cdbcb00, EFLAGS=0x0000000000010202, CSGSFS=0x0000000000000033, ERR=0x0000000000000015
  TRAPNO=0x000000000000000e

Top of Stack: (sp=0x00007fc6156c3518)
0x00007fc6156c3518:   00007fc65843d88a 0000000000000080
0x00007fc6156c3528:   00007fc60cda5fe0 00007fc60c87e2c0
0x00007fc6156c3538:   00007fc65844a853 00000000b9374d78
0x00007fc6156c3548:   00000000b9642748 00007fc6156c35e0
0x00007fc6156c3558:   0000000000000000 00000000b9642748
0x00007fc6156c3568:   00007fc661011f90 00007fc661006333
0x00007fc6156c3578:   0000000000000000 0000000000000080
0x00007fc6156c3588:   0000000000000080 00000000ecbd5008
0x00007fc6156c3598:   00007fc60cdbcc40 00007fc6156c35a0
0x00007fc6156c35a8:   0000000000000000 00007fc6156c3620
0x00007fc6156c35b8:   00000000b96545f0 0000000000000000
0x00007fc6156c35c8:   00000000b9642748 0000000000000000
0x00007fc6156c35d8:   00007fc6156c3600 00007fc6156c3668
0x00007fc6156c35e8:   00007fc661006158 0000000000000000
0x00007fc6156c35f8:   00007fc66100edd8 00007fc60cdbcc40
0x00007fc6156c3608:   00007fc661006450 00007fc60c87e2c0
0x00007fc6156c3618:   00000000ecbbfe10 00000000ecb585b0
0x00007fc6156c3628:   00007fc6156c3628 00000000b9642651
0x00007fc6156c3638:   00007fc6156c3680 00000000b96545f0
0x00007fc6156c3648:   0000000000000000 00000000b9642678
0x00007fc6156c3658:   00007fc6156c3600 00007fc6156c3678
0x00007fc6156c3668:   00007fc6156c36c8 00007fc661006158
0x00007fc6156c3678:   00000000ecbbfe28 00000000ecb585b0
0x00007fc6156c3688:   00007fc6156c3688 00000000b96928d6
0x00007fc6156c3698:   00007fc6156c36e0 00000000b9693c98
0x00007fc6156c36a8:   0000000000000000 00000000b9692a10
0x00007fc6156c36b8:   00007fc6156c3678 00007fc6156c36d8
0x00007fc6156c36c8:   00007fc6156c3728 00007fc661006afe
0x00007fc6156c36d8:   000000000000002e 00000000ecbbd8d8
0x00007fc6156c36e8:   00007fc6156c36e8 00000000b9691003
0x00007fc6156c36f8:   00007fc6156c3750 00000000b9691ca0
0x00007fc6156c3708:   0000000000000000 00000000b9691050 

Instructions: (pc=0x00007fc60cdbcb00)
0x00007fc60cdbcae0:   e5 e6 e8 ff e5 e6 e8 ff e5 e6 e8 ff e5 e6 e8 ff
0x00007fc60cdbcaf0:   e6 e7 e9 ff e6 e7 e9 ff e7 e8 ea ff e7 e8 ea ff
0x00007fc60cdbcb00:   c0 c9 db 0c c6 7f 00 00 01 00 00 00 e7 e8 ea ff
0x00007fc60cdbcb10:   40 cc db 0c c6 7f 00 00 80 c8 db 0c c6 7f 00 00 

Register to memory mapping:

RAX=0x00007fc60cdbcb00 is an unknown value
RBX=0x00007fc60cdbcc40 is an unknown value
RCX=0x00007fc60cdbcc40 is an unknown value
RDX=0x0000000000000000 is an unknown value
RSP=0x00007fc6156c3518 is pointing into the stack for thread: 0x00007fc66432c000
RBP=0x00007fc60c87e2c0 is an unknown value
RSI=0x00007fc60c87e2c0 is an unknown value
RDI=0x00007fc60cdbcc40 is an unknown value
R8 =0x00007fc66bd71000 is an unknown value
R9 =0x00000000fffffffe is an unallocated location in the heap
R10=0x00007fc661011f64 is an Interpreter codelet
method entry point (kind = native)  [0x00007fc661011d00, 0x00007fc661012540]  2112 bytes
R11=0x00007fc66abf1f40: <offset 0x764f40> in /usr/lib/jvm/java-7-openjdk-amd64/jre/lib/amd64/server/libjvm.so at 0x00007fc66a48d000
R12=0x00007fc60cda60a0 is an unknown value
R13=0x0000000000000000 is an unknown value
R14=0x00007fc6156c3620 is pointing into the stack for thread: 0x00007fc66432c000
R15=0x00007fc66432c000 is a thread


Stack: [0x00007fc6155c4000,0x00007fc6156c5000],  sp=0x00007fc6156c3518,  free space=1021k
Native frames: (J=compiled Java code, j=interpreted, Vv=VM code, C=native code)
C  0x00007fc60cdbcb00

Java frames: (J=compiled Java code, j=interpreted, Vv=VM code)
j  com.badlogic.gdx.physics.box2d.World.jniDestroyJoint(JJ)V+0
j  com.badlogic.gdx.physics.box2d.World.destroyJoint(Lcom/badlogic/gdx/physics/box2d/Joint;)V+57
j  com.kuan.tc.screens.MainGameScreen$1.keyUp(I)Z+190
j  com.badlogic.gdx.InputMultiplexer.keyUp(I)Z+27
j  com.badlogic.gdx.backends.lwjgl.LwjglInput.processEvents()V+113
j  com.badlogic.gdx.backends.lwjgl.LwjglApplication.mainLoop()V+459
j  com.badlogic.gdx.backends.lwjgl.LwjglApplication$1.run()V+27
v  ~StubRoutines::call_stub

---------------  P R O C E S S  ---------------

Java Threads: ( => current thread )
  0x00007fc60c014000 JavaThread "process reaper" daemon [_thread_blocked, id=7307, stack(0x00007fc650056000,0x00007fc65007e000)]
  0x00007fc664009800 JavaThread "DestroyJavaVM" [_thread_blocked, id=7287, stack(0x00007fc66be31000,0x00007fc66bf32000)]
=>0x00007fc66432c000 JavaThread "LWJGL Application" [_thread_in_native, id=7305, stack(0x00007fc6155c4000,0x00007fc6156c5000)]
  0x00007fc6642ce000 JavaThread "AWT-XAWT" daemon [_thread_in_native, id=7301, stack(0x00007fc6481e7000,0x00007fc6482e8000)]
  0x00007fc66429c800 JavaThread "Java2D Disposer" daemon [_thread_blocked, id=7300, stack(0x00007fc65803f000,0x00007fc658140000)]
  0x00007fc664113800 JavaThread "Service Thread" daemon [_thread_blocked, id=7298, stack(0x00007fc65877f000,0x00007fc658880000)]
  0x00007fc664111000 JavaThread "C2 CompilerThread1" daemon [_thread_blocked, id=7297, stack(0x00007fc658880000,0x00007fc658981000)]
  0x00007fc66410e000 JavaThread "C2 CompilerThread0" daemon [_thread_blocked, id=7296, stack(0x00007fc658981000,0x00007fc658a82000)]
  0x00007fc66410c000 JavaThread "Signal Dispatcher" daemon [_thread_blocked, id=7295, stack(0x00007fc658a82000,0x00007fc658b83000)]
  0x00007fc6640b2800 JavaThread "Finalizer" daemon [_thread_blocked, id=7294, stack(0x00007fc659266000,0x00007fc659367000)]
  0x00007fc6640b0000 JavaThread "Reference Handler" daemon [_thread_blocked, id=7293, stack(0x00007fc659367000,0x00007fc659468000)]

Other Threads:
  0x00007fc6640a8000 VMThread [stack: 0x00007fc659468000,0x00007fc659569000] [id=7292]
  0x00007fc66411e000 WatcherThread [stack: 0x00007fc65867e000,0x00007fc65877f000] [id=7299]

VM state:not at safepoint (normal execution)

VM Mutex/Monitor currently owned by a thread: None

Heap
 PSYoungGen      total 18176K, used 3636K [0x00000000ebc00000, 0x00000000ed040000, 0x0000000100000000)
  eden space 15616K, 7% used [0x00000000ebc00000,0x00000000ebd119f0,0x00000000ecb40000)
  from space 2560K, 99% used [0x00000000ecb40000,0x00000000ecdbb850,0x00000000ecdc0000)
  to   space 2560K, 0% used [0x00000000ecdc0000,0x00000000ecdc0000,0x00000000ed040000)
 ParOldGen       total 41472K, used 792K [0x00000000c3400000, 0x00000000c5c80000, 0x00000000ebc00000)
  object space 41472K, 1% used [0x00000000c3400000,0x00000000c34c63f8,0x00000000c5c80000)
 PSPermGen       total 21248K, used 8867K [0x00000000b8e00000, 0x00000000ba2c0000, 0x00000000c3400000)
  object space 21248K, 41% used [0x00000000b8e00000,0x00000000b96a8cb8,0x00000000ba2c0000)

Card table byte_map: [0x00007fc6689b9000,0x00007fc668bf3000] byte_map_base: 0x00007fc6683f2000

Polling page: 0x00007fc66bf4f000

Code Cache  [0x00007fc661000000, 0x00007fc661270000, 0x00007fc664000000)
 total_blobs=571 nmethods=92 adapters=432 free_code_cache=48495Kb largest_free_block=49631168

Compilation events (10 events):
Event: 9.017 Thread 0x00007fc66410e000   87             org.lwjgl.opengl.LinuxMouse::poll (106 bytes)
Event: 9.025 Thread 0x00007fc66410e000 nmethod 87 0x00007fc661096ed0 code [0x00007fc661097040, 0x00007fc661097398]
Event: 9.600 Thread 0x00007fc664111000   88             java.util.concurrent.locks.AbstractQueuedSynchronizer::getState (5 bytes)
Event: 9.601 Thread 0x00007fc664111000 nmethod 88 0x00007fc6610a0a10 code [0x00007fc6610a0b40, 0x00007fc6610a0b98]
Event: 9.917 Thread 0x00007fc66410e000   89             com.badlogic.gdx.graphics.glutils.IndexArray::getBuffer (5 bytes)
Event: 9.917 Thread 0x00007fc664111000   91             com.badlogic.gdx.graphics.glutils.IndexArray::getNumIndices (8 bytes)
Event: 9.918 Thread 0x00007fc66410e000 nmethod 89 0x00007fc661096910 code [0x00007fc661096a40, 0x00007fc661096a98]
Event: 9.918 Thread 0x00007fc664111000 nmethod 91 0x00007fc6610966d0 code [0x00007fc661096800, 0x00007fc661096878]
Event: 10.067 Thread 0x00007fc66410e000   92             java.util.ArrayList::size (5 bytes)
Event: 10.067 Thread 0x00007fc66410e000 nmethod 92 0x00007fc6610a5a50 code [0x00007fc6610a5b80, 0x00007fc6610a5bd8]

GC Heap History (2 events):
Event: 2.101 GC heap before
{Heap before GC invocations=1 (full 0):
 PSYoungGen      total 18176K, used 15616K [0x00000000ebc00000, 0x00000000ed040000, 0x0000000100000000)
  eden space 15616K, 100% used [0x00000000ebc00000,0x00000000ecb40000,0x00000000ecb40000)
  from space 2560K, 0% used [0x00000000ecdc0000,0x00000000ecdc0000,0x00000000ed040000)
  to   space 2560K, 0% used [0x00000000ecb40000,0x00000000ecb40000,0x00000000ecdc0000)
 ParOldGen       total 41472K, used 0K [0x00000000c3400000, 0x00000000c5c80000, 0x00000000ebc00000)
  object space 41472K, 0% used [0x00000000c3400000,0x00000000c3400000,0x00000000c5c80000)
 PSPermGen       total 21248K, used 8784K [0x00000000b8e00000, 0x00000000ba2c0000, 0x00000000c3400000)
  object space 21248K, 41% used [0x00000000b8e00000,0x00000000b9694198,0x00000000ba2c0000)
Event: 2.110 GC heap after
Heap after GC invocations=1 (full 0):
 PSYoungGen      total 18176K, used 2542K [0x00000000ebc00000, 0x00000000ed040000, 0x0000000100000000)
  eden space 15616K, 0% used [0x00000000ebc00000,0x00000000ebc00000,0x00000000ecb40000)
  from space 2560K, 99% used [0x00000000ecb40000,0x00000000ecdbb850,0x00000000ecdc0000)
  to   space 2560K, 0% used [0x00000000ecdc0000,0x00000000ecdc0000,0x00000000ed040000)
 ParOldGen       total 41472K, used 792K [0x00000000c3400000, 0x00000000c5c80000, 0x00000000ebc00000)
  object space 41472K, 1% used [0x00000000c3400000,0x00000000c34c63f8,0x00000000c5c80000)
 PSPermGen       total 21248K, used 8784K [0x00000000b8e00000, 0x00000000ba2c0000, 0x00000000c3400000)
  object space 21248K, 41% used [0x00000000b8e00000,0x00000000b9694198,0x00000000ba2c0000)
}

Deoptimization events (0 events):
No events

Internal exceptions (10 events):
Event: 2.099 Thread 0x00007fc66432c000 Threw 0x00000000ecadd9a8 at /build/buildd/openjdk-7-7u25-2.3.10/build/openjdk/hotspot/src/share/vm/prims/jvm.cpp:1235
Event: 2.099 Thread 0x00007fc66432c000 Threw 0x00000000ecb392a8 at /build/buildd/openjdk-7-7u25-2.3.10/build/openjdk/hotspot/src/share/vm/prims/jvm.cpp:1235
Event: 2.101 Thread 0x00007fc66432c000 Threw 0x00000000ecb3d610 at /build/buildd/openjdk-7-7u25-2.3.10/build/openjdk/hotspot/src/share/vm/prims/jvm.cpp:1235
Event: 2.111 Thread 0x00007fc66432c000 Threw 0x00000000ebc032d8 at /build/buildd/openjdk-7-7u25-2.3.10/build/openjdk/hotspot/src/share/vm/prims/jvm.cpp:1235
Event: 2.112 Thread 0x00007fc66432c000 Threw 0x00000000ebc083c0 at /build/buildd/openjdk-7-7u25-2.3.10/build/openjdk/hotspot/src/share/vm/prims/jvm.cpp:1235
Event: 2.112 Thread 0x00007fc66432c000 Threw 0x00000000ebc0d7f0 at /build/buildd/openjdk-7-7u25-2.3.10/build/openjdk/hotspot/src/share/vm/prims/jvm.cpp:1235
Event: 2.115 Thread 0x00007fc66432c000 Threw 0x00000000ebc13120 at /build/buildd/openjdk-7-7u25-2.3.10/build/openjdk/hotspot/src/share/vm/prims/jvm.cpp:1235
Event: 2.124 Thread 0x00007fc66432c000 Threw 0x00000000ebc1f158 at /build/buildd/openjdk-7-7u25-2.3.10/build/openjdk/hotspot/src/share/vm/prims/jvm.cpp:1235
Event: 7.417 Thread 0x00007fc66432c000 Threw 0x00000000ebcb96e8 at /build/buildd/openjdk-7-7u25-2.3.10/build/openjdk/hotspot/src/share/vm/prims/jvm.cpp:1235
Event: 7.419 Thread 0x00007fc66432c000 Threw 0x00000000ebcc7d48 at /build/buildd/openjdk-7-7u25-2.3.10/build/openjdk/hotspot/src/share/vm/prims/jvm.cpp:1235

Events (10 events):
Event: 2.115 loading class 0x00007fc6641d7b10
Event: 2.115 loading class 0x00007fc6641d7b10 done
Event: 2.123 loading class 0x00007fc6641d7b50
Event: 2.123 loading class 0x00007fc6641d7b50 done
Event: 4.080 Executing VM operation: EnableBiasedLocking
Event: 4.081 Executing VM operation: EnableBiasedLocking done
Event: 7.417 loading class 0x00007fc60c09cfa0
Event: 7.417 loading class 0x00007fc60c09cfa0 done
Event: 7.419 loading class 0x00007fc6642f2ce0
Event: 7.419 loading class 0x00007fc6642f2ce0 done


Dynamic libraries:
00400000-00401000 r-xp 00000000 08:01 6036042                            /usr/lib/jvm/java-7-openjdk-amd64/jre/bin/java
00600000-00601000 r--p 00000000 08:01 6036042                            /usr/lib/jvm/java-7-openjdk-amd64/jre/bin/java
00601000-00602000 rw-p 00001000 08:01 6036042                            /usr/lib/jvm/java-7-openjdk-amd64/jre/bin/java
00e93000-00eb4000 rw-p 00000000 00:00 0                                  [heap]
40511000-40513000 r-xs 00000000 08:01 5903465                            /tmp/glSPlPNC (deleted)
416da000-41777000 rw-p 00000000 00:00 0 
b8e00000-ba2c0000 rw-p 00000000 00:00 0 
ba2c0000-c3400000 rw-p 00000000 00:00 0 
c3400000-c5c80000 rw-p 00000000 00:00 0 
c5c80000-ebc00000 rw-p 00000000 00:00 0 
ebc00000-ed040000 rw-p 00000000 00:00 0 
ed040000-100000000 rw-p 00000000 00:00 0 
7fc600000000-7fc600021000 rw-p 00000000 00:00 0 
7fc600021000-7fc604000000 ---p 00000000 00:00 0 
7fc604c81000-7fc605498000 rw-p 00000000 00:00 0 
7fc6056a9000-7fc605aa9000 rw-s 982c5000 00:05 10413                      /dev/nvidia0
7fc605aa9000-7fc6074f0000 r-xp 00000000 08:01 4719694                    /usr/lib/nvidia-319/libnvidia-glcore.so.319.32
7fc6074f0000-7fc6076f0000 ---p 01a47000 08:01 4719694                    /usr/lib/nvidia-319/libnvidia-glcore.so.319.32
7fc6076f0000-7fc607fe7000 rwxp 01a47000 08:01 4719694                    /usr/lib/nvidia-319/libnvidia-glcore.so.319.32
7fc607fe7000-7fc608000000 rwxp 00000000 00:00 0 
7fc608000000-7fc608021000 rw-p 00000000 00:00 0 
7fc608021000-7fc60c000000 ---p 00000000 00:00 0 
7fc60c000000-7fc60d3d9000 rw-p 00000000 00:00 0 
7fc60d3d9000-7fc610000000 ---p 00000000 00:00 0 
7fc610000000-7fc610021000 rw-p 00000000 00:00 0 
7fc610021000-7fc614000000 ---p 00000000 00:00 0 
7fc614293000-7fc614693000 rw-s 2aead000 00:05 10413                      /dev/nvidia0
7fc614693000-7fc614a93000 rw-s 98149000 00:05 10413                      /dev/nvidia0
7fc614a93000-7fc614c93000 rw-s a3d80000 00:05 10413                      /dev/nvidia0
7fc614c93000-7fc615093000 rw-s 36a53000 00:05 10413                      /dev/nvidia0
7fc615093000-7fc615096000 r-xp 00000000 08:01 4719690                    /usr/lib/nvidia-319/tls/libnvidia-tls.so.319.32
7fc615096000-7fc615295000 ---p 00003000 08:01 4719690                    /usr/lib/nvidia-319/tls/libnvidia-tls.so.319.32
7fc615295000-7fc615296000 rw-p 00002000 08:01 4719690                    /usr/lib/nvidia-319/tls/libnvidia-tls.so.319.32
7fc615296000-7fc615370000 r-xp 00000000 08:01 4719688                    /usr/lib/nvidia-319/libGL.so.319.32
7fc615370000-7fc61556f000 ---p 000da000 08:01 4719688                    /usr/lib/nvidia-319/libGL.so.319.32
7fc61556f000-7fc6155ae000 rwxp 000d9000 08:01 4719688                    /usr/lib/nvidia-319/libGL.so.319.32
7fc6155ae000-7fc6155c4000 rwxp 00000000 00:00 0 
7fc6155c4000-7fc6155c7000 ---p 00000000 00:00 0 
7fc6155c7000-7fc6156c5000 rw-p 00000000 00:00 0                          [stack:7305]
7fc6156c5000-7fc6196c6000 rw-s 00000000 00:12 5176743                    /run/shm/pulse-shm-464761715
7fc6196c6000-7fc6196c7000 ---p 00000000 00:00 0 
7fc6196c7000-7fc619ec7000 rw-p 00000000 00:00 0                          [stack:7303]
7fc619ec7000-7fc619ecd000 r-xp 00000000 08:01 4464197                    /usr/lib/x86_64-linux-gnu/libogg.so.0.7.1
7fc619ecd000-7fc61a0cc000 ---p 00006000 08:01 4464197                    /usr/lib/x86_64-linux-gnu/libogg.so.0.7.1
7fc61a0cc000-7fc61a0cd000 r--p 00005000 08:01 4464197                    /usr/lib/x86_64-linux-gnu/libogg.so.0.7.1
7fc61a0cd000-7fc61a0ce000 rw-p 00006000 08:01 4464197                    /usr/lib/x86_64-linux-gnu/libogg.so.0.7.1
7fc61a0ce000-7fc61a0f9000 r-xp 00000000 08:01 4464347                    /usr/lib/x86_64-linux-gnu/libvorbis.so.0.4.5
7fc61a0f9000-7fc61a2f8000 ---p 0002b000 08:01 4464347                    /usr/lib/x86_64-linux-gnu/libvorbis.so.0.4.5
7fc61a2f8000-7fc61a2f9000 r--p 0002a000 08:01 4464347                    /usr/lib/x86_64-linux-gnu/libvorbis.so.0.4.5
7fc61a2f9000-7fc61a2fa000 rw-p 0002b000 08:01 4464347                    /usr/lib/x86_64-linux-gnu/libvorbis.so.0.4.5
7fc61a2fa000-7fc61a5ad000 r-xp 00000000 08:01 4464349                    /usr/lib/x86_64-linux-gnu/libvorbisenc.so.2.0.8
7fc61a5ad000-7fc61a7ac000 ---p 002b3000 08:01 4464349                    /usr/lib/x86_64-linux-gnu/libvorbisenc.so.2.0.8
7fc61a7ac000-7fc61a7c8000 r--p 002b2000 08:01 4464349                    /usr/lib/x86_64-linux-gnu/libvorbisenc.so.2.0.8
7fc61a7c8000-7fc61a7c9000 rw-p 002ce000 08:01 4464349                    /usr/lib/x86_64-linux-gnu/libvorbisenc.so.2.0.8
7fc61a7c9000-7fc61a811000 r-xp 00000000 08:01 4463716                    /usr/lib/x86_64-linux-gnu/libFLAC.so.8.2.0
7fc61a811000-7fc61aa11000 ---p 00048000 08:01 4463716                    /usr/lib/x86_64-linux-gnu/libFLAC.so.8.2.0
7fc61aa11000-7fc61aa12000 r--p 00048000 08:01 4463716                    /usr/lib/x86_64-linux-gnu/libFLAC.so.8.2.0
7fc61aa12000-7fc61aa13000 rw-p 00049000 08:01 4463716                    /usr/lib/x86_64-linux-gnu/libFLAC.so.8.2.0
7fc61aa13000-7fc61aa18000 r-xp 00000000 08:01 4463832                    /usr/lib/x86_64-linux-gnu/libasyncns.so.0.3.1
7fc61aa18000-7fc61ac17000 ---p 00005000 08:01 4463832                    /usr/lib/x86_64-linux-gnu/libasyncns.so.0.3.1
7fc61ac17000-7fc61ac18000 r--p 00004000 08:01 4463832                    /usr/lib/x86_64-linux-gnu/libasyncns.so.0.3.1
7fc61ac18000-7fc61ac19000 rw-p 00005000 08:01 4463832                    /usr/lib/x86_64-linux-gnu/libasyncns.so.0.3.1
7fc61ac19000-7fc61ac79000 r-xp 00000000 08:01 4464292                    /usr/lib/x86_64-linux-gnu/libsndfile.so.1.0.25
7fc61ac79000-7fc61ae79000 ---p 00060000 08:01 4464292                    /usr/lib/x86_64-linux-gnu/libsndfile.so.1.0.25
7fc61ae79000-7fc61ae7b000 r--p 00060000 08:01 4464292                    /usr/lib/x86_64-linux-gnu/libsndfile.so.1.0.25
7fc61ae7b000-7fc61ae7c000 rw-p 00062000 08:01 4464292                    /usr/lib/x86_64-linux-gnu/libsndfile.so.1.0.25
7fc61ae7c000-7fc61ae80000 rw-p 00000000 00:00 0 
7fc61ae80000-7fc61ae88000 r-xp 00000000 08:01 528166                     /lib/x86_64-linux-gnu/libwrap.so.0.7.6
7fc61ae88000-7fc61b087000 ---p 00008000 08:01 528166                     /lib/x86_64-linux-gnu/libwrap.so.0.7.6
7fc61b087000-7fc61b088000 r--p 00007000 08:01 528166                     /lib/x86_64-linux-gnu/libwrap.so.0.7.6
7fc61b088000-7fc61b089000 rw-p 00008000 08:01 528166                     /lib/x86_64-linux-gnu/libwrap.so.0.7.6
7fc61b089000-7fc61b0e5000 r-xp 00000000 08:01 4464255                    /usr/lib/x86_64-linux-gnu/libpulsecommon-1.1.so
7fc61b0e5000-7fc61b2e5000 ---p 0005c000 08:01 4464255                    /usr/lib/x86_64-linux-gnu/libpulsecommon-1.1.so
7fc61b2e5000-7fc61b2e6000 r--p 0005c000 08:01 4464255                    /usr/lib/x86_64-linux-gnu/libpulsecommon-1.1.so
7fc61b2e6000-7fc61b2e7000 rw-p 0005d000 08:01 4464255                    /usr/lib/x86_64-linux-gnu/libpulsecommon-1.1.so
7fc61b2e7000-7fc61b2ee000 r-xp 00000000 08:01 4464131                    /usr/lib/x86_64-linux-gnu/libjson.so.0.0.1
7fc61b2ee000-7fc61b4ed000 ---p 00007000 08:01 4464131                    /usr/lib/x86_64-linux-gnu/libjson.so.0.0.1
7fc61b4ed000-7fc61b4ee000 r--p 00006000 08:01 4464131                    /usr/lib/x86_64-linux-gnu/libjson.so.0.0.1
7fc61b4ee000-7fc61b4ef000 rw-p 00007000 08:01 4464131                    /usr/lib/x86_64-linux-gnu/libjson.so.0.0.1
7fc61b4ef000-7fc61b535000 r-xp 00000000 08:01 4464254                    /usr/lib/x86_64-linux-gnu/libpulse.so.0.13.5
7fc61b535000-7fc61b735000 ---p 00046000 08:01 4464254                    /usr/lib/x86_64-linux-gnu/libpulse.so.0.13.5
7fc61b735000-7fc61b736000 r--p 00046000 08:01 4464254                    /usr/lib/x86_64-linux-gnu/libpulse.so.0.13.5
7fc61b736000-7fc61b737000 rw-p 00047000 08:01 4464254                    /usr/lib/x86_64-linux-gnu/libpulse.so.0.13.5
7fc61b737000-7fc61b788000 r-xp 00000000 08:01 5902440                    /tmp/libgdxeerc/2789134151/libopenal64.so
7fc61b788000-7fc61b988000 ---p 00051000 08:01 5902440                    /tmp/libgdxeerc/2789134151/libopenal64.so
7fc61b988000-7fc61b98a000 r--p 00051000 08:01 5902440                    /tmp/libgdxeerc/2789134151/libopenal64.so
7fc61b98a000-7fc61b98b000 rw-p 00053000 08:01 5902440                    /tmp/libgdxeerc/2789134151/libopenal64.so
7fc61b98b000-7fc61b98c000 rw-p 00000000 00:00 0 
7fc61b98c000-7fc61b990000 r-xp 00000000 08:01 4463814                    /usr/lib/x86_64-linux-gnu/libXxf86vm.so.1.0.0
7fc61b990000-7fc61bb8f000 ---p 00004000 08:01 4463814                    /usr/lib/x86_64-linux-gnu/libXxf86vm.so.1.0.0
7fc61bb8f000-7fc61bb90000 r--p 00003000 08:01 4463814                    /usr/lib/x86_64-linux-gnu/libXxf86vm.so.1.0.0
7fc61bb90000-7fc61bb91000 rw-p 00004000 08:01 4463814                    /usr/lib/x86_64-linux-gnu/libXxf86vm.so.1.0.0
7fc61bb91000-7fc61bbfb000 r-xp 00000000 08:01 5902439                    /tmp/libgdxeerc/2789134151/liblwjgl64.so
7fc61bbfb000-7fc61bdfb000 ---p 0006a000 08:01 5902439                    /tmp/libgdxeerc/2789134151/liblwjgl64.so
7fc61bdfb000-7fc61bdfd000 r--p 0006a000 08:01 5902439                    /tmp/libgdxeerc/2789134151/liblwjgl64.so
7fc61bdfd000-7fc61bdfe000 rw-p 0006c000 08:01 5902439                    /tmp/libgdxeerc/2789134151/liblwjgl64.so
7fc61bdfe000-7fc61bdff000 r-xp 00000000 08:01 6165898                    /usr/lib/jvm/java-7-openjdk-amd64/jre/lib/amd64/libjawt.so
7fc61bdff000-7fc61bffe000 ---p 00001000 08:01 6165898                    /usr/lib/jvm/java-7-openjdk-amd64/jre/lib/amd64/libjawt.so
7fc61bffe000-7fc61bfff000 r--p 00000000 08:01 6165898                    /usr/lib/jvm/java-7-openjdk-amd64/jre/lib/amd64/libjawt.so
7fc61bfff000-7fc61c000000 rw-p 00001000 08:01 6165898                    /usr/lib/jvm/java-7-openjdk-amd64/jre/lib/amd64/libjawt.so
7fc61c000000-7fc61c021000 rw-p 00000000 00:00 0 
7fc61c021000-7fc620000000 ---p 00000000 00:00 0 
7fc620000000-7fc620021000 rw-p 00000000 00:00 0 
7fc620021000-7fc624000000 ---p 00000000 00:00 0 
7fc624000000-7fc624021000 rw-p 00000000 00:00 0 
7fc624021000-7fc628000000 ---p 00000000 00:00 0 
7fc628000000-7fc628021000 rw-p 00000000 00:00 0 
7fc628021000-7fc62c000000 ---p 00000000 00:00 0 
7fc62c000000-7fc62c24b000 rw-p 00000000 00:00 0 
7fc62c24b000-7fc630000000 ---p 00000000 00:00 0 
7fc630000000-7fc6301b5000 rw-p 00000000 00:00 0 
7fc6301b5000-7fc634000000 ---p 00000000 00:00 0 
7fc634000000-7fc634021000 rw-p 00000000 00:00 0 
7fc634021000-7fc638000000 ---p 00000000 00:00 0 
7fc638000000-7fc638021000 rw-p 00000000 00:00 0 
7fc638021000-7fc63c000000 ---p 00000000 00:00 0 
7fc63c000000-7fc63c021000 rw-p 00000000 00:00 0 
7fc63c021000-7fc640000000 ---p 00000000 00:00 0 
7fc640000000-7fc640021000 rw-p 00000000 00:00 0 
7fc640021000-7fc644000000 ---p 00000000 00:00 0 
7fc644000000-7fc644021000 rw-p 00000000 00:00 0 
7fc644021000-7fc648000000 ---p 00000000 00:00 0 
7fc6480a6000-7fc6480e6000 rw-s c023e000 00:05 10413                      /dev/nvidia0
7fc6480e6000-7fc6480e7000 ---p 00000000 00:00 0 
7fc6480e7000-7fc6481e7000 rw-p 00000000 00:00 0                          [stack:7304]
7fc6481e7000-7fc6481ea000 ---p 00000000 00:00 0 
7fc6481ea000-7fc6482e8000 rw-p 00000000 00:00 0                          [stack:7301]
7fc6482e8000-7fc6482eb000 r-xp 00000000 08:01 528084                     /lib/x86_64-linux-gnu/libgpg-error.so.0.8.0
7fc6482eb000-7fc6484ea000 ---p 00003000 08:01 528084                     /lib/x86_64-linux-gnu/libgpg-error.so.0.8.0
7fc6484ea000-7fc6484eb000 r--p 00002000 08:01 528084                     /lib/x86_64-linux-gnu/libgpg-error.so.0.8.0
7fc6484eb000-7fc6484ec000 rw-p 00003000 08:01 528084                     /lib/x86_64-linux-gnu/libgpg-error.so.0.8.0
7fc6484ec000-7fc6484ef000 r-xp 00000000 08:01 528088                     /lib/x86_64-linux-gnu/libkeyutils.so.1.4
7fc6484ef000-7fc6486ee000 ---p 00003000 08:01 528088                     /lib/x86_64-linux-gnu/libkeyutils.so.1.4
7fc6486ee000-7fc6486ef000 r--p 00002000 08:01 528088                     /lib/x86_64-linux-gnu/libkeyutils.so.1.4
7fc6486ef000-7fc6486f0000 rw-p 00003000 08:01 528088                     /lib/x86_64-linux-gnu/libkeyutils.so.1.4
7fc6486f0000-7fc648732000 r-xp 00000000 08:01 528069                     /lib/x86_64-linux-gnu/libdbus-1.so.3.5.8
7fc648732000-7fc648932000 ---p 00042000 08:01 528069                     /lib/x86_64-linux-gnu/libdbus-1.so.3.5.8
7fc648932000-7fc648933000 r--p 00042000 08:01 528069                     /lib/x86_64-linux-gnu/libdbus-1.so.3.5.8
7fc648933000-7fc648934000 rw-p 00043000 08:01 528069                     /lib/x86_64-linux-gnu/libdbus-1.so.3.5.8
7fc648934000-7fc648945000 r-xp 00000000 08:01 4464203                    /usr/lib/x86_64-linux-gnu/libp11-kit.so.0.0.0
7fc648945000-7fc648b44000 ---p 00011000 08:01 4464203                    /usr/lib/x86_64-linux-gnu/libp11-kit.so.0.0.0
7fc648b44000-7fc648b45000 r--p 00010000 08:01 4464203                    /usr/lib/x86_64-linux-gnu/libp11-kit.so.0.0.0
7fc648b45000-7fc648b46000 rw-p 00011000 08:01 4464203                    /usr/lib/x86_64-linux-gnu/libp11-kit.so.0.0.0
7fc648b46000-7fc648bc0000 r-xp 00000000 08:01 528080                     /lib/x86_64-linux-gnu/libgcrypt.so.11.7.0
7fc648bc0000-7fc648dc0000 ---p 0007a000 08:01 528080                     /lib/x86_64-linux-gnu/libgcrypt.so.11.7.0
7fc648dc0000-7fc648dc1000 r--p 0007a000 08:01 528080                     /lib/x86_64-linux-gnu/libgcrypt.so.11.7.0
7fc648dc1000-7fc648dc4000 rw-p 0007b000 08:01 528080                     /lib/x86_64-linux-gnu/libgcrypt.so.11.7.0
7fc648dc4000-7fc648dd4000 r-xp 00000000 08:01 4464320                    /usr/lib/x86_64-linux-gnu/libtasn1.so.3.1.12
7fc648dd4000-7fc648fd3000 ---p 00010000 08:01 4464320                    /usr/lib/x86_64-linux-gnu/libtasn1.so.3.1.12
7fc648fd3000-7fc648fd4000 r--p 0000f000 08:01 4464320                    /usr/lib/x86_64-linux-gnu/libtasn1.so.3.1.12
7fc648fd4000-7fc648fd5000 rw-p 00010000 08:01 4464320                    /usr/lib/x86_64-linux-gnu/libtasn1.so.3.1.12
7fc648fd5000-7fc648fdc000 r-xp 00000000 08:01 4464139                    /usr/lib/x86_64-linux-gnu/libkrb5support.so.0.1
7fc648fdc000-7fc6491db000 ---p 00007000 08:01 4464139                    /usr/lib/x86_64-linux-gnu/libkrb5support.so.0.1
7fc6491db000-7fc6491dc000 r--p 00006000 08:01 4464139                    /usr/lib/x86_64-linux-gnu/libkrb5support.so.0.1
7fc6491dc000-7fc6491dd000 rw-p 00007000 08:01 4464139                    /usr/lib/x86_64-linux-gnu/libkrb5support.so.0.1
7fc6491dd000-7fc6491e0000 r-xp 00000000 08:01 528064                     /lib/x86_64-linux-gnu/libcom_err.so.2.1
7fc6491e0000-7fc6493df000 ---p 00003000 08:01 528064                     /lib/x86_64-linux-gnu/libcom_err.so.2.1
7fc6493df000-7fc6493e0000 r--p 00002000 08:01 528064                     /lib/x86_64-linux-gnu/libcom_err.so.2.1
7fc6493e0000-7fc6493e1000 rw-p 00003000 08:01 528064                     /lib/x86_64-linux-gnu/libcom_err.so.2.1
7fc6493e1000-7fc649406000 r-xp 00000000 08:01 4464133                    /usr/lib/x86_64-linux-gnu/libk5crypto.so.3.1
7fc649406000-7fc649606000 ---p 00025000 08:01 4464133                    /usr/lib/x86_64-linux-gnu/libk5crypto.so.3.1
7fc649606000-7fc649607000 r--p 00025000 08:01 4464133                    /usr/lib/x86_64-linux-gnu/libk5crypto.so.3.1
7fc649607000-7fc649608000 rw-p 00026000 08:01 4464133                    /usr/lib/x86_64-linux-gnu/libk5crypto.so.3.1
7fc649608000-7fc649609000 rw-p 00000000 00:00 0 
7fc649609000-7fc6496cd000 r-xp 00000000 08:01 4464137                    /usr/lib/x86_64-linux-gnu/libkrb5.so.3.3
7fc6496cd000-7fc6498cc000 ---p 000c4000 08:01 4464137                    /usr/lib/x86_64-linux-gnu/libkrb5.so.3.3
7fc6498cc000-7fc6498d6000 r--p 000c3000 08:01 4464137                    /usr/lib/x86_64-linux-gnu/libkrb5.so.3.3
7fc6498d6000-7fc6498d7000 rw-p 000cd000 08:01 4464137                    /usr/lib/x86_64-linux-gnu/libkrb5.so.3.3
7fc6498d7000-7fc6498df000 r-xp 00000000 08:01 4464370                    /usr/lib/x86_64-linux-gnu/libxcb-render.so.0.0.0
7fc6498df000-7fc649adf000 ---p 00008000 08:01 4464370                    /usr/lib/x86_64-linux-gnu/libxcb-render.so.0.0.0
7fc649adf000-7fc649ae0000 r--p 00008000 08:01 4464370                    /usr/lib/x86_64-linux-gnu/libxcb-render.so.0.0.0
7fc649ae0000-7fc649ae1000 rw-p 00009000 08:01 4464370                    /usr/lib/x86_64-linux-gnu/libxcb-render.so.0.0.0
7fc649ae1000-7fc649ae3000 r-xp 00000000 08:01 4464374                    /usr/lib/x86_64-linux-gnu/libxcb-shm.so.0.0.0
7fc649ae3000-7fc649ce2000 ---p 00002000 08:01 4464374                    /usr/lib/x86_64-linux-gnu/libxcb-shm.so.0.0.0
7fc649ce2000-7fc649ce3000 r--p 00001000 08:01 4464374                    /usr/lib/x86_64-linux-gnu/libxcb-shm.so.0.0.0
7fc649ce3000-7fc649ce4000 rw-p 00002000 08:01 4464374                    /usr/lib/x86_64-linux-gnu/libxcb-shm.so.0.0.0
7fc649ce4000-7fc649d0a000 r-xp 00000000 08:01 528134                     /lib/x86_64-linux-gnu/libpng12.so.0.46.0
7fc649d0a000-7fc649f0a000 ---p 00026000 08:01 528134                     /lib/x86_64-linux-gnu/libpng12.so.0.46.0
7fc649f0a000-7fc649f0b000 r--p 00026000 08:01 528134                     /lib/x86_64-linux-gnu/libpng12.so.0.46.0
7fc649f0b000-7fc649f0c000 rw-p 00027000 08:01 528134                     /lib/x86_64-linux-gnu/libpng12.so.0.46.0
7fc649f0c000-7fc649f8d000 r-xp 00000000 08:01 4464229                    /usr/lib/x86_64-linux-gnu/libpixman-1.so.0.24.4
7fc649f8d000-7fc64a18c000 ---p 00081000 08:01 4464229                    /usr/lib/x86_64-linux-gnu/libpixman-1.so.0.24.4
7fc64a18c000-7fc64a192000 r--p 00080000 08:01 4464229                    /usr/lib/x86_64-linux-gnu/libpixman-1.so.0.24.4
7fc64a192000-7fc64a193000 rw-p 00086000 08:01 4464229                    /usr/lib/x86_64-linux-gnu/libpixman-1.so.0.24.4
7fc64a193000-7fc64a198000 r-xp 00000000 08:01 4463782                    /usr/lib/x86_64-linux-gnu/libXdmcp.so.6.0.0
7fc64a198000-7fc64a397000 ---p 00005000 08:01 4463782                    /usr/lib/x86_64-linux-gnu/libXdmcp.so.6.0.0
7fc64a397000-7fc64a398000 r--p 00004000 08:01 4463782                    /usr/lib/x86_64-linux-gnu/libXdmcp.so.6.0.0
7fc64a398000-7fc64a399000 rw-p 00005000 08:01 4463782                    /usr/lib/x86_64-linux-gnu/libXdmcp.so.6.0.0
7fc64a399000-7fc64a39b000 r-xp 00000000 08:01 4463771                    /usr/lib/x86_64-linux-gnu/libXau.so.6.0.0
7fc64a39b000-7fc64a59a000 ---p 00002000 08:01 4463771                    /usr/lib/x86_64-linux-gnu/libXau.so.6.0.0
7fc64a59a000-7fc64a59b000 r--p 00001000 08:01 4463771                    /usr/lib/x86_64-linux-gnu/libXau.so.6.0.0
7fc64a59b000-7fc64a59c000 rw-p 00002000 08:01 4463771                    /usr/lib/x86_64-linux-gnu/libXau.so.6.0.0
7fc64a59c000-7fc64a5ac000 r-xp 00000000 08:01 4463842                    /usr/lib/x86_64-linux-gnu/libavahi-client.so.3.2.9
7fc64a5ac000-7fc64a7ab000 ---p 00010000 08:01 4463842                    /usr/lib/x86_64-linux-gnu/libavahi-client.so.3.2.9
7fc64a7ab000-7fc64a7ac000 r--p 0000f000 08:01 4463842                    /usr/lib/x86_64-linux-gnu/libavahi-client.so.3.2.9
7fc64a7ac000-7fc64a7ad000 rw-p 00010000 08:01 4463842                    /usr/lib/x86_64-linux-gnu/libavahi-client.so.3.2.9
7fc64a7ad000-7fc64a7b8000 r-xp 00000000 08:01 4463844                    /usr/lib/x86_64-linux-gnu/libavahi-common.so.3.5.3
7fc64a7b8000-7fc64a9b7000 ---p 0000b000 08:01 4463844                    /usr/lib/x86_64-linux-gnu/libavahi-common.so.3.5.3
7fc64a9b7000-7fc64a9b8000 r--p 0000a000 08:01 4463844                    /usr/lib/x86_64-linux-gnu/libavahi-common.so.3.5.3
7fc64a9b8000-7fc64a9b9000 rw-p 0000b000 08:01 4463844                    /usr/lib/x86_64-linux-gnu/libavahi-common.so.3.5.3
7fc64a9b9000-7fc64aa6d000 r-xp 00000000 08:01 4467646                    /usr/lib/x86_64-linux-gnu/libgnutls.so.26.21.8
7fc64aa6d000-7fc64ac6d000 ---p 000b4000 08:01 4467646                    /usr/lib/x86_64-linux-gnu/libgnutls.so.26.21.8
7fc64ac6d000-7fc64ac73000 r--p 000b4000 08:01 4467646                    /usr/lib/x86_64-linux-gnu/libgnutls.so.26.21.8
7fc64ac73000-7fc64ac74000 rw-p 000ba000 08:01 4467646                    /usr/lib/x86_64-linux-gnu/libgnutls.so.26.21.8
7fc64ac74000-7fc64ac75000 rw-p 00000000 00:00 0 
7fc64ac75000-7fc64acb0000 r-xp 00000000 08:01 4464044                    /usr/lib/x86_64-linux-gnu/libgssapi_krb5.so.2.2
7fc64acb0000-7fc64aeb0000 ---p 0003b000 08:01 4464044                    /usr/lib/x86_64-linux-gnu/libgssapi_krb5.so.2.2
7fc64aeb0000-7fc64aeb1000 r--p 0003b000 08:01 4464044                    /usr/lib/x86_64-linux-gnu/libgssapi_krb5.so.2.2
7fc64aeb1000-7fc64aeb3000 rw-p 0003c000 08:01 4464044                    /usr/lib/x86_64-linux-gnu/libgssapi_krb5.so.2.2
7fc64aeb3000-7fc64aeef000 r-xp 00000000 08:01 528130                     /lib/x86_64-linux-gnu/libpcre.so.3.12.1
7fc64aeef000-7fc64b0ee000 ---p 0003c000 08:01 528130                     /lib/x86_64-linux-gnu/libpcre.so.3.12.1
7fc64b0ee000-7fc64b0ef000 r--p 0003b000 08:01 528130                     /lib/x86_64-linux-gnu/libpcre.so.3.12.1
7fc64b0ef000-7fc64b0f0000 rw-p 0003c000 08:01 528130                     /lib/x86_64-linux-gnu/libpcre.so.3.12.1
7fc64b0f0000-7fc64b0f7000 r-xp 00000000 08:01 4463964                    /usr/lib/x86_64-linux-gnu/libffi.so.6.0.0
7fc64b0f7000-7fc64b2f6000 ---p 00007000 08:01 4463964                    /usr/lib/x86_64-linux-gnu/libffi.so.6.0.0
7fc64b2f6000-7fc64b2f7000 r--p 00006000 08:01 4463964                    /usr/lib/x86_64-linux-gnu/libffi.so.6.0.0
7fc64b2f7000-7fc64b2f8000 rw-p 00007000 08:01 4463964                    /usr/lib/x86_64-linux-gnu/libffi.so.6.0.0
7fc64b2f8000-7fc64b31f000 r-xp 00000000 08:01 528075                     /lib/x86_64-linux-gnu/libexpat.so.1.5.2
7fc64b31f000-7fc64b51f000 ---p 00027000 08:01 528075                     /lib/x86_64-linux-gnu/libexpat.so.1.5.2
7fc64b51f000-7fc64b521000 r--p 00027000 08:01 528075                     /lib/x86_64-linux-gnu/libexpat.so.1.5.2
7fc64b521000-7fc64b522000 rw-p 00029000 08:01 528075                     /lib/x86_64-linux-gnu/libexpat.so.1.5.2
7fc64b522000-7fc64b5b8000 r-xp 00000000 08:01 4463974                    /usr/lib/x86_64-linux-gnu/libfreetype.so.6.8.0
7fc64b5b8000-7fc64b7b7000 ---p 00096000 08:01 4463974                    /usr/lib/x86_64-linux-gnu/libfreetype.so.6.8.0
7fc64b7b7000-7fc64b7bd000 r--p 00095000 08:01 4463974                    /usr/lib/x86_64-linux-gnu/libfreetype.so.6.8.0
7fc64b7bd000-7fc64b7be000 rw-p 0009b000 08:01 4463974                    /usr/lib/x86_64-linux-gnu/libfreetype.so.6.8.0
7fc64b7be000-7fc64b7d6000 r-xp 00000000 08:01 528141                     /lib/x86_64-linux-gnu/libresolv-2.15.so
7fc64b7d6000-7fc64b9d6000 ---p 00018000 08:01 528141                     /lib/x86_64-linux-gnu/libresolv-2.15.so
7fc64b9d6000-7fc64b9d7000 r--p 00018000 08:01 528141                     /lib/x86_64-linux-gnu/libresolv-2.15.so
7fc64b9d7000-7fc64b9d8000 rw-p 00019000 08:01 528141                     /lib/x86_64-linux-gnu/libresolv-2.15.so
7fc64b9d8000-7fc64b9da000 rw-p 00000000 00:00 0 
7fc64b9da000-7fc64b9f7000 r-xp 00000000 08:01 528145                     /lib/x86_64-linux-gnu/libselinux.so.1
7fc64b9f7000-7fc64bbf6000 ---p 0001d000 08:01 528145                     /lib/x86_64-linux-gnu/libselinux.so.1
7fc64bbf6000-7fc64bbf7000 r--p 0001c000 08:01 528145                     /lib/x86_64-linux-gnu/libselinux.so.1
7fc64bbf7000-7fc64bbf8000 rw-p 0001d000 08:01 528145                     /lib/x86_64-linux-gnu/libselinux.so.1
7fc64bbf8000-7fc64bbf9000 rw-p 00000000 00:00 0 
7fc64bbf9000-7fc64bbfc000 r-xp 00000000 08:01 4464017                    /usr/lib/x86_64-linux-gnu/libgmodule-2.0.so.0.3200.3
7fc64bbfc000-7fc64bdfb000 ---p 00003000 08:01 4464017                    /usr/lib/x86_64-linux-gnu/libgmodule-2.0.so.0.3200.3
7fc64bdfb000-7fc64bdfc000 r--p 00002000 08:01 4464017                    /usr/lib/x86_64-linux-gnu/libgmodule-2.0.so.0.3200.3
7fc64bdfc000-7fc64bdfd000 rw-p 00003000 08:01 4464017                    /usr/lib/x86_64-linux-gnu/libgmodule-2.0.so.0.3200.3
7fc64bdfd000-7fc64bdff000 r-xp 00000000 08:01 4463780                    /usr/lib/x86_64-linux-gnu/libXdamage.so.1.1.0
7fc64bdff000-7fc64bffe000 ---p 00002000 08:01 4463780                    /usr/lib/x86_64-linux-gnu/libXdamage.so.1.1.0
7fc64bffe000-7fc64bfff000 r--p 00001000 08:01 4463780                    /usr/lib/x86_64-linux-gnu/libXdamage.so.1.1.0
7fc64bfff000-7fc64c000000 rw-p 00002000 08:01 4463780                    /usr/lib/x86_64-linux-gnu/libXdamage.so.1.1.0
7fc64c000000-7fc64c021000 rw-p 00000000 00:00 0 
7fc64c021000-7fc650000000 ---p 00000000 00:00 0 
7fc650056000-7fc650059000 ---p 00000000 00:00 0 
7fc650059000-7fc65007e000 rw-p 00000000 00:00 0                          [stack:7307]
7fc65007e000-7fc650080000 r-xp 00000000 08:01 4463776                    /usr/lib/x86_64-linux-gnu/libXcomposite.so.1.0.0
7fc650080000-7fc65027f000 ---p 00002000 08:01 4463776                    /usr/lib/x86_64-linux-gnu/libXcomposite.so.1.0.0
7fc65027f000-7fc650280000 r--p 00001000 08:01 4463776                    /usr/lib/x86_64-linux-gnu/libXcomposite.so.1.0.0
7fc650280000-7fc650281000 rw-p 00002000 08:01 4463776                    /usr/lib/x86_64-linux-gnu/libXcomposite.so.1.0.0
7fc650281000-7fc65028a000 r-xp 00000000 08:01 4463778                    /usr/lib/x86_64-linux-gnu/libXcursor.so.1.0.2
7fc65028a000-7fc650489000 ---p 00009000 08:01 4463778                    /usr/lib/x86_64-linux-gnu/libXcursor.so.1.0.2
7fc650489000-7fc65048a000 r--p 00008000 08:01 4463778                    /usr/lib/x86_64-linux-gnu/libXcursor.so.1.0.2
7fc65048a000-7fc65048b000 rw-p 00009000 08:01 4463778                    /usr/lib/x86_64-linux-gnu/libXcursor.so.1.0.2
7fc65048b000-7fc650492000 r-xp 00000000 08:01 4463802                    /usr/lib/x86_64-linux-gnu/libXrandr.so.2.2.0
7fc650492000-7fc650691000 ---p 00007000 08:01 4463802                    /usr/lib/x86_64-linux-gnu/libXrandr.so.2.2.0
7fc650691000-7fc650692000 r--p 00006000 08:01 4463802                    /usr/lib/x86_64-linux-gnu/libXrandr.so.2.2.0
7fc650692000-7fc650693000 rw-p 00007000 08:01 4463802                    /usr/lib/x86_64-linux-gnu/libXrandr.so.2.2.0
7fc650693000-7fc650695000 r-xp 00000000 08:01 4463792                    /usr/lib/x86_64-linux-gnu/libXinerama.so.1.0.0
7fc650695000-7fc650894000 ---p 00002000 08:01 4463792                    /usr/lib/x86_64-linux-gnu/libXinerama.so.1.0.0
7fc650894000-7fc650895000 r--p 00001000 08:01 4463792                    /usr/lib/x86_64-linux-gnu/libXinerama.so.1.0.0
7fc650895000-7fc650896000 rw-p 00002000 08:01 4463792                    /usr/lib/x86_64-linux-gnu/libXinerama.so.1.0.0
7fc650896000-7fc6508bf000 r-xp 00000000 08:01 4464213                    /usr/lib/x86_64-linux-gnu/libpangoft2-1.0.so.0.3000.0
7fc6508bf000-7fc650abe000 ---p 00029000 08:01 4464213                    /usr/lib/x86_64-linux-gnu/libpangoft2-1.0.so.0.3000.0
7fc650abe000-7fc650abf000 r--p 00028000 08:01 4464213                    /usr/lib/x86_64-linux-gnu/libpangoft2-1.0.so.0.3000.0
7fc650abf000-7fc650ac0000 rw-p 00029000 08:01 4464213                    /usr/lib/x86_64-linux-gnu/libpangoft2-1.0.so.0.3000.0
7fc650ac0000-7fc650b79000 r-xp 00000000 08:01 4463872                    /usr/lib/x86_64-linux-gnu/libcairo.so.2.11000.2
7fc650b79000-7fc650d78000 ---p 000b9000 08:01 4463872                    /usr/lib/x86_64-linux-gnu/libcairo.so.2.11000.2
7fc650d78000-7fc650d7a000 r--p 000b8000 08:01 4463872                    /usr/lib/x86_64-linux-gnu/libcairo.so.2.11000.2
7fc650d7a000-7fc650d7b000 rw-p 000ba000 08:01 4463872                    /usr/lib/x86_64-linux-gnu/libcairo.so.2.11000.2
7fc650d7b000-7fc650d7e000 rw-p 00000000 00:00 0 
7fc650d7e000-7fc650d9d000 r-xp 00000000 08:01 4463834                    /usr/lib/x86_64-linux-gnu/libatk-1.0.so.0.20409.1
7fc650d9d000-7fc650f9d000 ---p 0001f000 08:01 4463834                    /usr/lib/x86_64-linux-gnu/libatk-1.0.so.0.20409.1
7fc650f9d000-7fc650f9f000 r--p 0001f000 08:01 4463834                    /usr/lib/x86_64-linux-gnu/libatk-1.0.so.0.20409.1
7fc650f9f000-7fc650fa0000 rw-p 00021000 08:01 4463834                    /usr/lib/x86_64-linux-gnu/libatk-1.0.so.0.20409.1
7fc650fa0000-7fc650fa5000 r-xp 00000000 08:01 4463786                    /usr/lib/x86_64-linux-gnu/libXfixes.so.3.1.0
7fc650fa5000-7fc6511a4000 ---p 00005000 08:01 4463786                    /usr/lib/x86_64-linux-gnu/libXfixes.so.3.1.0
7fc6511a4000-7fc6511a5000 r--p 00004000 08:01 4463786                    /usr/lib/x86_64-linux-gnu/libXfixes.so.3.1.0
7fc6511a5000-7fc6511a6000 rw-p 00005000 08:01 4463786                    /usr/lib/x86_64-linux-gnu/libXfixes.so.3.1.0
7fc6511a6000-7fc6511b1000 r-xp 00000000 08:01 4464211                    /usr/lib/x86_64-linux-gnu/libpangocairo-1.0.so.0.3000.0
7fc6511b1000-7fc6513b0000 ---p 0000b000 08:01 4464211                    /usr/lib/x86_64-linux-gnu/libpangocairo-1.0.so.0.3000.0
7fc6513b0000-7fc6513b1000 r--p 0000a000 08:01 4464211                    /usr/lib/x86_64-linux-gnu/libpangocairo-1.0.so.0.3000.0
7fc6513b1000-7fc6513b2000 rw-p 0000b000 08:01 4464211                    /usr/lib/x86_64-linux-gnu/libpangocairo-1.0.so.0.3000.0
7fc6513b2000-7fc6513cf000 r-xp 00000000 08:01 4464378                    /usr/lib/x86_64-linux-gnu/libxcb.so.1.1.0
7fc6513cf000-7fc6515ce000 ---p 0001d000 08:01 4464378                    /usr/lib/x86_64-linux-gnu/libxcb.so.1.1.0
7fc6515ce000-7fc6515cf000 r--p 0001c000 08:01 4464378                    /usr/lib/x86_64-linux-gnu/libxcb.so.1.1.0
7fc6515cf000-7fc6515d0000 rw-p 0001d000 08:01 4464378                    /usr/lib/x86_64-linux-gnu/libxcb.so.1.1.0
7fc6515d0000-7fc651620000 r-xp 00000000 08:01 4463896                    /usr/lib/x86_64-linux-gnu/libcups.so.2
7fc651620000-7fc65181f000 ---p 00050000 08:01 4463896                    /usr/lib/x86_64-linux-gnu/libcups.so.2
7fc65181f000-7fc651823000 r--p 0004f000 08:01 4463896                    /usr/lib/x86_64-linux-gnu/libcups.so.2
7fc651823000-7fc651824000 rw-p 00053000 08:01 4463896                    /usr/lib/x86_64-linux-gnu/libcups.so.2
7fc651824000-7fc651916000 r-xp 00000000 08:01 528082                     /lib/x86_64-linux-gnu/libglib-2.0.so.0.3200.3
7fc651916000-7fc651b16000 ---p 000f2000 08:01 528082                     /lib/x86_64-linux-gnu/libglib-2.0.so.0.3200.3
7fc651b16000-7fc651b17000 r--p 000f2000 08:01 528082                     /lib/x86_64-linux-gnu/libglib-2.0.so.0.3200.3
7fc651b17000-7fc651b18000 rw-p 000f3000 08:01 528082                     /lib/x86_64-linux-gnu/libglib-2.0.so.0.3200.3
7fc651b18000-7fc651b19000 rw-p 00000000 00:00 0 
7fc651b19000-7fc651b1a000 r-xp 00000000 08:01 4464088                    /usr/lib/x86_64-linux-gnu/libgthread-2.0.so.0.3200.3
7fc651b1a000-7fc651d19000 ---p 00001000 08:01 4464088                    /usr/lib/x86_64-linux-gnu/libgthread-2.0.so.0.3200.3
7fc651d19000-7fc651d1a000 r--p 00000000 08:01 4464088                    /usr/lib/x86_64-linux-gnu/libgthread-2.0.so.0.3200.3
7fc651d1a000-7fc651d1b000 rw-p 00001000 08:01 4464088                    /usr/lib/x86_64-linux-gnu/libgthread-2.0.so.0.3200.3
7fc651d1b000-7fc651d68000 r-xp 00000000 08:01 4464031                    /usr/lib/x86_64-linux-gnu/libgobject-2.0.so.0.3200.3
7fc651d68000-7fc651f68000 ---p 0004d000 08:01 4464031                    /usr/lib/x86_64-linux-gnu/libgobject-2.0.so.0.3200.3
7fc651f68000-7fc651f69000 r--p 0004d000 08:01 4464031                    /usr/lib/x86_64-linux-gnu/libgobject-2.0.so.0.3200.3
7fc651f69000-7fc651f6a000 rw-p 0004e000 08:01 4464031                    /usr/lib/x86_64-linux-gnu/libgobject-2.0.so.0.3200.3
7fc651f6a000-7fc651f9e000 r-xp 00000000 08:01 4463966                    /usr/lib/x86_64-linux-gnu/libfontconfig.so.1.4.4
7fc651f9e000-7fc65219e000 ---p 00034000 08:01 4463966                    /usr/lib/x86_64-linux-gnu/libfontconfig.so.1.4.4
7fc65219e000-7fc65219f000 r--p 00034000 08:01 4463966                    /usr/lib/x86_64-linux-gnu/libfontconfig.so.1.4.4
7fc65219f000-7fc6521a0000 rw-p 00035000 08:01 4463966                    /usr/lib/x86_64-linux-gnu/libfontconfig.so.1.4.4
7fc6521a0000-7fc6521e6000 r-xp 00000000 08:01 4464209                    /usr/lib/x86_64-linux-gnu/libpango-1.0.so.0.3000.0
7fc6521e6000-7fc6523e6000 ---p 00046000 08:01 4464209                    /usr/lib/x86_64-linux-gnu/libpango-1.0.so.0.3000.0
7fc6523e6000-7fc6523e8000 r--p 00046000 08:01 4464209                    /usr/lib/x86_64-linux-gnu/libpango-1.0.so.0.3000.0
7fc6523e8000-7fc6523e9000 rw-p 00048000 08:01 4464209                    /usr/lib/x86_64-linux-gnu/libpango-1.0.so.0.3000.0
7fc6523e9000-7fc652407000 r-xp 00000000 08:01 4463995                    /usr/lib/x86_64-linux-gnu/libgdk_pixbuf-2.0.so.0.2600.1
7fc652407000-7fc652607000 ---p 0001e000 08:01 4463995                    /usr/lib/x86_64-linux-gnu/libgdk_pixbuf-2.0.so.0.2600.1
7fc652607000-7fc652608000 r--p 0001e000 08:01 4463995                    /usr/lib/x86_64-linux-gnu/libgdk_pixbuf-2.0.so.0.2600.1
7fc652608000-7fc652609000 rw-p 0001f000 08:01 4463995                    /usr/lib/x86_64-linux-gnu/libgdk_pixbuf-2.0.so.0.2600.1
7fc652609000-7fc652751000 r-xp 00000000 08:01 4464007                    /usr/lib/x86_64-linux-gnu/libgio-2.0.so.0.3200.3
7fc652751000-7fc652950000 ---p 00148000 08:01 4464007                    /usr/lib/x86_64-linux-gnu/libgio-2.0.so.0.3200.3
7fc652950000-7fc652954000 r--p 00147000 08:01 4464007                    /usr/lib/x86_64-linux-gnu/libgio-2.0.so.0.3200.3
7fc652954000-7fc652956000 rw-p 0014b000 08:01 4464007                    /usr/lib/x86_64-linux-gnu/libgio-2.0.so.0.3200.3
7fc652956000-7fc652958000 rw-p 00000000 00:00 0 
7fc652958000-7fc652a05000 r-xp 00000000 08:01 4463993                    /usr/lib/x86_64-linux-gnu/libgdk-x11-2.0.so.0.2400.10
7fc652a05000-7fc652c04000 ---p 000ad000 08:01 4463993                    /usr/lib/x86_64-linux-gnu/libgdk-x11-2.0.so.0.2400.10
7fc652c04000-7fc652c08000 r--p 000ac000 08:01 4463993                    /usr/lib/x86_64-linux-gnu/libgdk-x11-2.0.so.0.2400.10
7fc652c08000-7fc652c0a000 rw-p 000b0000 08:01 4463993                    /usr/lib/x86_64-linux-gnu/libgdk-x11-2.0.so.0.2400.10
7fc652c0a000-7fc653037000 r-xp 00000000 08:01 4464092                    /usr/lib/x86_64-linux-gnu/libgtk-x11-2.0.so.0.2400.10
7fc653037000-7fc653237000 ---p 0042d000 08:01 4464092                    /usr/lib/x86_64-linux-gnu/libgtk-x11-2.0.so.0.2400.10
7fc653237000-7fc65323e000 r--p 0042d000 08:01 4464092                    /usr/lib/x86_64-linux-gnu/libgtk-x11-2.0.so.0.2400.10
7fc65323e000-7fc653242000 rw-p 00434000 08:01 4464092                    /usr/lib/x86_64-linux-gnu/libgtk-x11-2.0.so.0.2400.10
7fc653242000-7fc653244000 rw-p 00000000 00:00 0 
7fc653244000-7fc653252000 r-xp 00000000 08:01 4463790                    /usr/lib/x86_64-linux-gnu/libXi.so.6.1.0
7fc653252000-7fc653451000 ---p 0000e000 08:01 4463790                    /usr/lib/x86_64-linux-gnu/libXi.so.6.1.0
7fc653451000-7fc653452000 r--p 0000d000 08:01 4463790                    /usr/lib/x86_64-linux-gnu/libXi.so.6.1.0
7fc653452000-7fc653453000 rw-p 0000e000 08:01 4463790                    /usr/lib/x86_64-linux-gnu/libXi.so.6.1.0
7fc653453000-7fc653458000 r-xp 00000000 08:01 4463810                    /usr/lib/x86_64-linux-gnu/libXtst.so.6.1.0
7fc653458000-7fc653657000 ---p 00005000 08:01 4463810                    /usr/lib/x86_64-linux-gnu/libXtst.so.6.1.0
7fc653657000-7fc653658000 r--p 00004000 08:01 4463810                    /usr/lib/x86_64-linux-gnu/libXtst.so.6.1.0
7fc653658000-7fc653659000 rw-p 00005000 08:01 4463810                    /usr/lib/x86_64-linux-gnu/libXtst.so.6.1.0
7fc653659000-7fc653662000 r-xp 00000000 08:01 4463806                    /usr/lib/x86_64-linux-gnu/libXrender.so.1.3.0
7fc653662000-7fc653861000 ---p 00009000 08:01 4463806                    /usr/lib/x86_64-linux-gnu/libXrender.so.1.3.0
7fc653861000-7fc653862000 r--p 00008000 08:01 4463806                    /usr/lib/x86_64-linux-gnu/libXrender.so.1.3.0
7fc653862000-7fc653863000 rw-p 00009000 08:01 4463806                    /usr/lib/x86_64-linux-gnu/libXrender.so.1.3.0
7fc653863000-7fc653993000 r-xp 00000000 08:01 4465082                    /usr/lib/x86_64-linux-gnu/libX11.so.6.3.0
7fc653993000-7fc653b93000 ---p 00130000 08:01 4465082                    /usr/lib/x86_64-linux-gnu/libX11.so.6.3.0
7fc653b93000-7fc653b94000 r--p 00130000 08:01 4465082                    /usr/lib/x86_64-linux-gnu/libX11.so.6.3.0
7fc653b94000-7fc653b98000 rw-p 00131000 08:01 4465082                    /usr/lib/x86_64-linux-gnu/libX11.so.6.3.0
7fc653b98000-7fc653ba8000 r-xp 00000000 08:01 4463784                    /usr/lib/x86_64-linux-gnu/libXext.so.6.4.0
7fc653ba8000-7fc653da7000 ---p 00010000 08:01 4463784                    /usr/lib/x86_64-linux-gnu/libXext.so.6.4.0
7fc653da7000-7fc653da8000 r--p 0000f000 08:01 4463784                    /usr/lib/x86_64-linux-gnu/libXext.so.6.4.0
7fc653da8000-7fc653da9000 rw-p 00010000 08:01 4463784                    /usr/lib/x86_64-linux-gnu/libXext.so.6.4.0
7fc653da9000-7fc653dfb000 r-xp 00000000 08:01 6294010                    /usr/lib/jvm/java-7-openjdk-amd64/jre/lib/amd64/xawt/libmawt.so
7fc653dfb000-7fc653ffb000 ---p 00052000 08:01 6294010                    /usr/lib/jvm/java-7-openjdk-amd64/jre/lib/amd64/xawt/libmawt.so
7fc653ffb000-7fc653ffc000 r--p 00052000 08:01 6294010                    /usr/lib/jvm/java-7-openjdk-amd64/jre/lib/amd64/xawt/libmawt.so
7fc653ffc000-7fc653fff000 rw-p 00053000 08:01 6294010                    /usr/lib/jvm/java-7-openjdk-amd64/jre/lib/amd64/xawt/libmawt.so
7fc653fff000-7fc654000000 rw-p 00000000 00:00 0 
7fc654000000-7fc654021000 rw-p 00000000 00:00 0 
7fc654021000-7fc658000000 ---p 00000000 00:00 0 
7fc658016000-7fc65803f000 rw-p 00000000 00:00 0 
7fc65803f000-7fc658042000 ---p 00000000 00:00 0 
7fc658042000-7fc658140000 rw-p 00000000 00:00 0                          [stack:7300]
7fc658140000-7fc6581e3000 r-xp 00000000 08:01 6165894                    /usr/lib/jvm/java-7-openjdk-amd64/jre/lib/amd64/libawt.so
7fc6581e3000-7fc6583e2000 ---p 000a3000 08:01 6165894                    /usr/lib/jvm/java-7-openjdk-amd64/jre/lib/amd64/libawt.so
7fc6583e2000-7fc6583e3000 r--p 000a2000 08:01 6165894                    /usr/lib/jvm/java-7-openjdk-amd64/jre/lib/amd64/libawt.so
7fc6583e3000-7fc6583ee000 rw-p 000a3000 08:01 6165894                    /usr/lib/jvm/java-7-openjdk-amd64/jre/lib/amd64/libawt.so
7fc6583ee000-7fc658413000 rw-p 00000000 00:00 0 
7fc658413000-7fc65847b000 r-xp 00000000 08:01 5902432                    /tmp/libgdxeerc/1506174322/libgdx64.so
7fc65847b000-7fc65867a000 ---p 00068000 08:01 5902432                    /tmp/libgdxeerc/1506174322/libgdx64.so
7fc65867a000-7fc65867c000 r--p 00067000 08:01 5902432                    /tmp/libgdxeerc/1506174322/libgdx64.so
7fc65867c000-7fc65867d000 rw-p 00069000 08:01 5902432                    /tmp/libgdxeerc/1506174322/libgdx64.so
7fc65867d000-7fc65867e000 rw-p 00000000 00:00 0 
7fc65867e000-7fc65867f000 ---p 00000000 00:00 0 
7fc65867f000-7fc65877f000 rw-p 00000000 00:00 0                          [stack:7299]
7fc65877f000-7fc658782000 ---p 00000000 00:00 0 
7fc658782000-7fc658880000 rw-p 00000000 00:00 0                          [stack:7298]
7fc658880000-7fc658883000 ---p 00000000 00:00 0 
7fc658883000-7fc658981000 rw-p 00000000 00:00 0                          [stack:7297]
7fc658981000-7fc658984000 ---p 00000000 00:00 0 
7fc658984000-7fc658a82000 rw-p 00000000 00:00 0                          [stack:7296]
7fc658a82000-7fc658a85000 ---p 00000000 00:00 0 
7fc658a85000-7fc658b83000 rw-p 00000000 00:00 0                          [stack:7295]
7fc658b83000-7fc659266000 r--p 00000000 08:01 4463086                    /usr/lib/locale/locale-archive
7fc659266000-7fc659269000 ---p 00000000 00:00 0 
7fc659269000-7fc659367000 rw-p 00000000 00:00 0                          [stack:7294]
7fc659367000-7fc65936a000 ---p 00000000 00:00 0 
7fc65936a000-7fc659468000 rw-p 00000000 00:00 0                          [stack:7293]
7fc659468000-7fc659469000 ---p 00000000 00:00 0 
7fc659469000-7fc65c000000 rw-p 00000000 00:00 0                          [stack:7292]
7fc65c000000-7fc65c021000 rw-p 00000000 00:00 0 
7fc65c021000-7fc660000000 ---p 00000000 00:00 0 
7fc660000000-7fc660015000 rw-s 1253d0000 00:05 10413                     /dev/nvidia0
7fc660015000-7fc661000000 rw-p 00000000 00:00 0 
7fc661000000-7fc661270000 rwxp 00000000 00:00 0 
7fc661270000-7fc664335000 rw-p 00000000 00:00 0 
7fc664335000-7fc668000000 ---p 00000000 00:00 0 
7fc668000000-7fc668002000 rw-p 00000000 00:00 0 
7fc668002000-7fc668004000 rw-s 00000000 08:01 5903465                    /tmp/glSPlPNC (deleted)
7fc668004000-7fc66800b000 rw-s 08ebc000 00:05 10413                      /dev/nvidia0
7fc66800b000-7fc66800c000 rw-s d0005000 00:05 10413                      /dev/nvidia0
7fc66800c000-7fc66800d000 rw-s 9810c000 00:05 10413                      /dev/nvidia0
7fc66800d000-7fc668011000 rw-s 657da000 00:05 10413                      /dev/nvidia0
7fc668011000-7fc668012000 rw-s e2c0a000 00:05 10413                      /dev/nvidia0
7fc668012000-7fc668013000 rw-s e2642000 00:05 10413                      /dev/nvidia0
7fc668013000-7fc66801a000 r--s 00000000 08:01 4720108                    /usr/lib/x86_64-linux-gnu/gconv/gconv-modules.cache
7fc66801a000-7fc668023000 r--s 000bc000 08:01 5660056                    /usr/lib/jvm/java-7-openjdk-common/jre/lib/resources.jar
7fc668023000-7fc668037000 r--s 0014d000 08:01 1182934                    /home/eerc/Desktop/TeamChrysler/TeamChrysler-desktop/libs/gdx-backend-lwjgl.jar
7fc668037000-7fc668249000 rw-p 00000000 00:00 0 
7fc668249000-7fc6683f6000 r--s 01cec000 08:01 6165882                    /usr/lib/jvm/java-7-openjdk-amd64/jre/lib/rt.jar
7fc6683f6000-7fc66841e000 rw-p 00000000 00:00 0 
7fc66841e000-7fc66841f000 ---p 00000000 00:00 0 
7fc66841f000-7fc66851f000 rw-p 00000000 00:00 0                          [stack:7291]
7fc66851f000-7fc668520000 ---p 00000000 00:00 0 
7fc668520000-7fc668620000 rw-p 00000000 00:00 0                          [stack:7290]
7fc668620000-7fc668621000 ---p 00000000 00:00 0 
7fc668621000-7fc668721000 rw-p 00000000 00:00 0                          [stack:7289]
7fc668721000-7fc668722000 ---p 00000000 00:00 0 
7fc668722000-7fc66882d000 rw-p 00000000 00:00 0                          [stack:7288]
7fc66882d000-7fc668875000 rw-p 00000000 00:00 0 
7fc668875000-7fc66888a000 rw-p 00000000 00:00 0 
7fc66888a000-7fc6689b9000 rw-p 00000000 00:00 0 
7fc6689b9000-7fc6689c4000 rw-p 00000000 00:00 0 
7fc6689c4000-7fc668a0c000 rw-p 00000000 00:00 0 
7fc668a0c000-7fc668a21000 rw-p 00000000 00:00 0 
7fc668a21000-7fc668b50000 rw-p 00000000 00:00 0 
7fc668b50000-7fc668b5b000 rw-p 00000000 00:00 0 
7fc668b5b000-7fc668bf2000 rw-p 00000000 00:00 0 
7fc668bf2000-7fc668bf3000 rw-p 00000000 00:00 0 
7fc668bf3000-7fc668bfb000 r-xp 00000000 08:01 6165896                    /usr/lib/jvm/java-7-openjdk-amd64/jre/lib/amd64/libzip.so
7fc668bfb000-7fc668dfa000 ---p 00008000 08:01 6165896                    /usr/lib/jvm/java-7-openjdk-amd64/jre/lib/amd64/libzip.so
7fc668dfa000-7fc668dfb000 r--p 00007000 08:01 6165896                    /usr/lib/jvm/java-7-openjdk-amd64/jre/lib/amd64/libzip.so
7fc668dfb000-7fc668dfc000 rw-p 00008000 08:01 6165896                    /usr/lib/jvm/java-7-openjdk-amd64/jre/lib/amd64/libzip.so
7fc668dfc000-7fc668e08000 r-xp 00000000 08:01 528108                     /lib/x86_64-linux-gnu/libnss_files-2.15.so
7fc668e08000-7fc669007000 ---p 0000c000 08:01 528108                     /lib/x86_64-linux-gnu/libnss_files-2.15.so
7fc669007000-7fc669008000 r--p 0000b000 08:01 528108                     /lib/x86_64-linux-gnu/libnss_files-2.15.so
7fc669008000-7fc669009000 rw-p 0000c000 08:01 528108                     /lib/x86_64-linux-gnu/libnss_files-2.15.so
7fc669009000-7fc669013000 r-xp 00000000 08:01 528112                     /lib/x86_64-linux-gnu/libnss_nis-2.15.so
7fc669013000-7fc669213000 ---p 0000a000 08:01 528112                     /lib/x86_64-linux-gnu/libnss_nis-2.15.so
7fc669213000-7fc669214000 r--p 0000a000 08:01 528112                     /lib/x86_64-linux-gnu/libnss_nis-2.15.so
7fc669214000-7fc669215000 rw-p 0000b000 08:01 528112                     /lib/x86_64-linux-gnu/libnss_nis-2.15.so
7fc669215000-7fc66922c000 r-xp 00000000 08:01 528102                     /lib/x86_64-linux-gnu/libnsl-2.15.so
7fc66922c000-7fc66942b000 ---p 00017000 08:01 528102                     /lib/x86_64-linux-gnu/libnsl-2.15.so
7fc66942b000-7fc66942c000 r--p 00016000 08:01 528102                     /lib/x86_64-linux-gnu/libnsl-2.15.so
7fc66942c000-7fc66942d000 rw-p 00017000 08:01 528102                     /lib/x86_64-linux-gnu/libnsl-2.15.so
7fc66942d000-7fc66942f000 rw-p 00000000 00:00 0 
7fc66942f000-7fc669437000 r-xp 00000000 08:01 528104                     /lib/x86_64-linux-gnu/libnss_compat-2.15.so
7fc669437000-7fc669636000 ---p 00008000 08:01 528104                     /lib/x86_64-linux-gnu/libnss_compat-2.15.so
7fc669636000-7fc669637000 r--p 00007000 08:01 528104                     /lib/x86_64-linux-gnu/libnss_compat-2.15.so
7fc669637000-7fc669638000 rw-p 00008000 08:01 528104                     /lib/x86_64-linux-gnu/libnss_compat-2.15.so
7fc669638000-7fc669661000 r-xp 00000000 08:01 6165891                    /usr/lib/jvm/java-7-openjdk-amd64/jre/lib/amd64/libjava.so
7fc669661000-7fc669860000 ---p 00029000 08:01 6165891                    /usr/lib/jvm/java-7-openjdk-amd64/jre/lib/amd64/libjava.so
7fc669860000-7fc669861000 r--p 00028000 08:01 6165891                    /usr/lib/jvm/java-7-openjdk-amd64/jre/lib/amd64/libjava.so
7fc669861000-7fc669863000 rw-p 00029000 08:01 6165891                    /usr/lib/jvm/java-7-openjdk-amd64/jre/lib/amd64/libjava.so
7fc669863000-7fc669871000 r-xp 00000000 08:01 6165908                    /usr/lib/jvm/java-7-openjdk-amd64/jre/lib/amd64/libverify.so
7fc669871000-7fc669a70000 ---p 0000e000 08:01 6165908                    /usr/lib/jvm/java-7-openjdk-amd64/jre/lib/amd64/libverify.so
7fc669a70000-7fc669a72000 r--p 0000d000 08:01 6165908                    /usr/lib/jvm/java-7-openjdk-amd64/jre/lib/amd64/libverify.so
7fc669a72000-7fc669a73000 rw-p 0000f000 08:01 6165908                    /usr/lib/jvm/java-7-openjdk-amd64/jre/lib/amd64/libverify.so
7fc669a73000-7fc669a7a000 r-xp 00000000 08:01 528143                     /lib/x86_64-linux-gnu/librt-2.15.so
7fc669a7a000-7fc669c79000 ---p 00007000 08:01 528143                     /lib/x86_64-linux-gnu/librt-2.15.so
7fc669c79000-7fc669c7a000 r--p 00006000 08:01 528143                     /lib/x86_64-linux-gnu/librt-2.15.so
7fc669c7a000-7fc669c7b000 rw-p 00007000 08:01 528143                     /lib/x86_64-linux-gnu/librt-2.15.so
7fc669c7b000-7fc669c90000 r-xp 00000000 08:01 528078                     /lib/x86_64-linux-gnu/libgcc_s.so.1
7fc669c90000-7fc669e8f000 ---p 00015000 08:01 528078                     /lib/x86_64-linux-gnu/libgcc_s.so.1
7fc669e8f000-7fc669e90000 r--p 00014000 08:01 528078                     /lib/x86_64-linux-gnu/libgcc_s.so.1
7fc669e90000-7fc669e91000 rw-p 00015000 08:01 528078                     /lib/x86_64-linux-gnu/libgcc_s.so.1
7fc669e91000-7fc669f8c000 r-xp 00000000 08:01 528089                     /lib/x86_64-linux-gnu/libm-2.15.so
7fc669f8c000-7fc66a18b000 ---p 000fb000 08:01 528089                     /lib/x86_64-linux-gnu/libm-2.15.so
7fc66a18b000-7fc66a18c000 r--p 000fa000 08:01 528089                     /lib/x86_64-linux-gnu/libm-2.15.so
7fc66a18c000-7fc66a18d000 rw-p 000fb000 08:01 528089                     /lib/x86_64-linux-gnu/libm-2.15.so
7fc66a18d000-7fc66a26f000 r-xp 00000000 08:01 4464314                    /usr/lib/x86_64-linux-gnu/libstdc++.so.6.0.16
7fc66a26f000-7fc66a46e000 ---p 000e2000 08:01 4464314                    /usr/lib/x86_64-linux-gnu/libstdc++.so.6.0.16
7fc66a46e000-7fc66a476000 r--p 000e1000 08:01 4464314                    /usr/lib/x86_64-linux-gnu/libstdc++.so.6.0.16
7fc66a476000-7fc66a478000 rw-p 000e9000 08:01 4464314                    /usr/lib/x86_64-linux-gnu/libstdc++.so.6.0.16
7fc66a478000-7fc66a48d000 rw-p 00000000 00:00 0 
7fc66a48d000-7fc66ae60000 r-xp 00000000 08:01 6293977                    /usr/lib/jvm/java-7-openjdk-amd64/jre/lib/amd64/server/libjvm.so
7fc66ae60000-7fc66b05f000 ---p 009d3000 08:01 6293977                    /usr/lib/jvm/java-7-openjdk-amd64/jre/lib/amd64/server/libjvm.so
7fc66b05f000-7fc66b0de000 r--p 009d2000 08:01 6293977                    /usr/lib/jvm/java-7-openjdk-amd64/jre/lib/amd64/server/libjvm.so
7fc66b0de000-7fc66b101000 rw-p 00a51000 08:01 6293977                    /usr/lib/jvm/java-7-openjdk-amd64/jre/lib/amd64/server/libjvm.so
7fc66b101000-7fc66b12b000 rw-p 00000000 00:00 0 
7fc66b12b000-7fc66b141000 r-xp 00000000 08:01 528168                     /lib/x86_64-linux-gnu/libz.so.1.2.3.4
7fc66b141000-7fc66b340000 ---p 00016000 08:01 528168                     /lib/x86_64-linux-gnu/libz.so.1.2.3.4
7fc66b340000-7fc66b341000 r--p 00015000 08:01 528168                     /lib/x86_64-linux-gnu/libz.so.1.2.3.4
7fc66b341000-7fc66b342000 rw-p 00016000 08:01 528168                     /lib/x86_64-linux-gnu/libz.so.1.2.3.4
7fc66b342000-7fc66b35a000 r-xp 00000000 08:01 528137                     /lib/x86_64-linux-gnu/libpthread-2.15.so
7fc66b35a000-7fc66b559000 ---p 00018000 08:01 528137                     /lib/x86_64-linux-gnu/libpthread-2.15.so
7fc66b559000-7fc66b55a000 r--p 00017000 08:01 528137                     /lib/x86_64-linux-gnu/libpthread-2.15.so
7fc66b55a000-7fc66b55b000 rw-p 00018000 08:01 528137                     /lib/x86_64-linux-gnu/libpthread-2.15.so
7fc66b55b000-7fc66b55f000 rw-p 00000000 00:00 0 
7fc66b55f000-7fc66b561000 r-xp 00000000 08:01 528070                     /lib/x86_64-linux-gnu/libdl-2.15.so
7fc66b561000-7fc66b761000 ---p 00002000 08:01 528070                     /lib/x86_64-linux-gnu/libdl-2.15.so
7fc66b761000-7fc66b762000 r--p 00002000 08:01 528070                     /lib/x86_64-linux-gnu/libdl-2.15.so
7fc66b762000-7fc66b763000 rw-p 00003000 08:01 528070                     /lib/x86_64-linux-gnu/libdl-2.15.so
7fc66b763000-7fc66b918000 r-xp 00000000 08:01 528057                     /lib/x86_64-linux-gnu/libc-2.15.so
7fc66b918000-7fc66bb17000 ---p 001b5000 08:01 528057                     /lib/x86_64-linux-gnu/libc-2.15.so
7fc66bb17000-7fc66bb1b000 r--p 001b4000 08:01 528057                     /lib/x86_64-linux-gnu/libc-2.15.so
7fc66bb1b000-7fc66bb1d000 rw-p 001b8000 08:01 528057                     /lib/x86_64-linux-gnu/libc-2.15.so
7fc66bb1d000-7fc66bb22000 rw-p 00000000 00:00 0 
7fc66bb22000-7fc66bb2f000 r-xp 00000000 08:01 6165900                    /usr/lib/jvm/java-7-openjdk-amd64/jre/lib/amd64/jli/libjli.so
7fc66bb2f000-7fc66bd2e000 ---p 0000d000 08:01 6165900                    /usr/lib/jvm/java-7-openjdk-amd64/jre/lib/amd64/jli/libjli.so
7fc66bd2e000-7fc66bd2f000 r--p 0000c000 08:01 6165900                    /usr/lib/jvm/java-7-openjdk-amd64/jre/lib/amd64/jli/libjli.so
7fc66bd2f000-7fc66bd30000 rw-p 0000d000 08:01 6165900                    /usr/lib/jvm/java-7-openjdk-amd64/jre/lib/amd64/jli/libjli.so
7fc66bd30000-7fc66bd52000 r-xp 00000000 08:01 528037                     /lib/x86_64-linux-gnu/ld-2.15.so
7fc66bd52000-7fc66bd53000 rw-s 12275b000 00:05 10413                     /dev/nvidia0
7fc66bd53000-7fc66bd54000 rw-s e2641000 00:05 10413                      /dev/nvidia0
7fc66bd54000-7fc66bd55000 rw-s 123c9b000 00:05 10413                     /dev/nvidia0
7fc66bd55000-7fc66bd56000 rw-s 36b26000 00:05 10413                      /dev/nvidia0
7fc66bd56000-7fc66bd57000 rw-s e2060000 00:05 10413                      /dev/nvidia0
7fc66bd57000-7fc66bd58000 r--s 0011b000 08:01 1182937                    /home/eerc/Desktop/TeamChrysler/TeamChrysler-desktop/libs/gdx-natives.jar
7fc66bd58000-7fc66bd59000 r--s 00162000 08:01 1182935                    /home/eerc/Desktop/TeamChrysler/TeamChrysler-desktop/libs/gdx-backend-lwjgl-natives.jar
7fc66bd59000-7fc66bd5c000 r--s 0000b000 08:01 793023                     /home/eerc/Desktop/TeamChrysler/TeamChrysler/libs/tween-engine-api.jar
7fc66bd5c000-7fc66bd6e000 r--s 0010a000 08:01 793022                     /home/eerc/Desktop/TeamChrysler/TeamChrysler/libs/gdx.jar
7fc66bd6e000-7fc66bd71000 r--s 0003c000 08:01 5660039                    /usr/lib/jvm/java-7-openjdk-common/jre/lib/ext/sunpkcs11.jar
7fc66bd71000-7fc66bd7b000 rw-p 00000000 00:00 0 
7fc66bd7b000-7fc66be31000 rw-p 00000000 00:00 0 
7fc66be31000-7fc66be34000 ---p 00000000 00:00 0 
7fc66be34000-7fc66bf37000 rw-p 00000000 00:00 0                          [stack:7287]
7fc66bf37000-7fc66bf38000 r--s 00001000 08:01 793020                     /home/eerc/Desktop/TeamChrysler/TeamChrysler/libs/bodyeditor-loader.jar
7fc66bf38000-7fc66bf39000 r--s 00002000 08:01 5660036                    /usr/lib/jvm/java-7-openjdk-common/jre/lib/ext/dnsns.jar
7fc66bf39000-7fc66bf3c000 r--s 0000f000 08:01 5660038                    /usr/lib/jvm/java-7-openjdk-common/jre/lib/ext/pulse-java.jar
7fc66bf3c000-7fc66bf3d000 r--s 00007000 08:01 4726128                    /usr/share/java/java-atk-wrapper.jar
7fc66bf3d000-7fc66bf40000 r--s 00032000 08:01 5660037                    /usr/lib/jvm/java-7-openjdk-common/jre/lib/ext/sunjce_provider.jar
7fc66bf40000-7fc66bf44000 r--s 00085000 08:01 5660040                    /usr/lib/jvm/java-7-openjdk-common/jre/lib/ext/localedata.jar
7fc66bf44000-7fc66bf46000 r--s 00012000 08:01 5660041                    /usr/lib/jvm/java-7-openjdk-common/jre/lib/ext/zipfs.jar
7fc66bf46000-7fc66bf4e000 rw-s 00000000 08:01 5903462                    /tmp/hsperfdata_eerc/7282
7fc66bf4e000-7fc66bf4f000 rw-p 00000000 00:00 0 
7fc66bf4f000-7fc66bf50000 r--p 00000000 00:00 0 
7fc66bf50000-7fc66bf52000 rw-p 00000000 00:00 0 
7fc66bf52000-7fc66bf53000 r--p 00022000 08:01 528037                     /lib/x86_64-linux-gnu/ld-2.15.so
7fc66bf53000-7fc66bf55000 rw-p 00023000 08:01 528037                     /lib/x86_64-linux-gnu/ld-2.15.so
7fffa5ed6000-7fffa5ef7000 rw-p 00000000 00:00 0                          [stack]
7fffa5f15000-7fffa5f17000 r-xp 00000000 00:00 0                          [vdso]
ffffffffff600000-ffffffffff601000 r-xp 00000000 00:00 0                  [vsyscall]

VM Arguments:
jvm_args: -Dfile.encoding=UTF-8 
java_command: com.kuan.tc.Main
Launcher Type: SUN_STANDARD

Environment Variables:
PATH=/usr/lib/lightdm/lightdm:/usr/local/sbin:/usr/local/bin:/usr/sbin:/usr/bin:/sbin:/bin:/usr/games
LD_LIBRARY_PATH=/usr/lib/jvm/java-7-openjdk-amd64/jre/lib/amd64/server:/usr/lib/jvm/java-7-openjdk-amd64/jre/lib/amd64:/usr/lib/jvm/java-7-openjdk-amd64/jre/../lib/amd64:/usr/lib/jvm/java-6-openjdk-amd64/jre/lib/amd64/server:/usr/lib/jvm/java-6-openjdk-amd64/jre/lib/amd64:/usr/lib/jvm/java-6-openjdk-amd64/jre/../lib/amd64
SHELL=/bin/bash
DISPLAY=:0.0

Signal Handlers:
SIGSEGV: [libjvm.so+0x83b2a0], sa_mask[0]=0x7ffbfeff, sa_flags=0x10000004
SIGBUS: [libjvm.so+0x83b2a0], sa_mask[0]=0x7ffbfeff, sa_flags=0x10000004
SIGFPE: [libjvm.so+0x6dc040], sa_mask[0]=0x7ffbfeff, sa_flags=0x10000004
SIGPIPE: [libjvm.so+0x6dc040], sa_mask[0]=0x7ffbfeff, sa_flags=0x10000004
SIGXFSZ: [libjvm.so+0x6dc040], sa_mask[0]=0x7ffbfeff, sa_flags=0x10000004
SIGILL: [libjvm.so+0x6dc040], sa_mask[0]=0x7ffbfeff, sa_flags=0x10000004
SIGUSR1: SIG_DFL, sa_mask[0]=0x00000000, sa_flags=0x00000000
SIGUSR2: [libjvm.so+0x6dc480], sa_mask[0]=0x00000004, sa_flags=0x10000004
SIGHUP: [libjvm.so+0x6dc5c0], sa_mask[0]=0x7ffbfeff, sa_flags=0x10000004
SIGINT: [libjvm.so+0x6dc5c0], sa_mask[0]=0x7ffbfeff, sa_flags=0x10000004
SIGTERM: [libjvm.so+0x6dc5c0], sa_mask[0]=0x7ffbfeff, sa_flags=0x10000004
SIGQUIT: [libjvm.so+0x6dc5c0], sa_mask[0]=0x7ffbfeff, sa_flags=0x10000004


---------------  S Y S T E M  ---------------

OS:Ubuntu 12.04 (precise)
uname:Linux 3.8.0-31-generic #46~precise1-Ubuntu SMP Wed Sep 11 18:21:16 UTC 2013 x86_64
libc:glibc 2.15 NPTL 2.15 
rlimit: STACK 8192k, CORE 0k, NPROC 30935, NOFILE 4096, AS infinity
load average:2.37 1.35 0.76

/proc/meminfo:
MemTotal:        3978644 kB
MemFree:          444276 kB
Buffers:          133572 kB
Cached:          1479424 kB
SwapCached:         8428 kB
Active:          1823416 kB
Inactive:        1425884 kB
Active(anon):    1038772 kB
Inactive(anon):   606556 kB
Active(file):     784644 kB
Inactive(file):   819328 kB
Unevictable:          16 kB
Mlocked:              16 kB
SwapTotal:       1950716 kB
SwapFree:        1851160 kB
Dirty:               912 kB
Writeback:             0 kB
AnonPages:       1628716 kB
Mapped:           191112 kB
Shmem:              9024 kB
Slab:             159400 kB
SReclaimable:     126528 kB
SUnreclaim:        32872 kB
KernelStack:        4120 kB
PageTables:        34096 kB
NFS_Unstable:          0 kB
Bounce:                0 kB
WritebackTmp:          0 kB
CommitLimit:     3940036 kB
Committed_AS:    3758824 kB
VmallocTotal:   34359738367 kB
VmallocUsed:      181592 kB
VmallocChunk:   34359546876 kB
HardwareCorrupted:     0 kB
AnonHugePages:         0 kB
HugePages_Total:       0
HugePages_Free:        0
HugePages_Rsvd:        0
HugePages_Surp:        0
Hugepagesize:       2048 kB
DirectMap4k:      808960 kB
DirectMap2M:     3315712 kB


CPU:total 4 (4 cores per cpu, 1 threads per core) family 6 model 15 stepping 11, cmov, cx8, fxsr, mmx, sse, sse2, sse3, ssse3, tsc

/proc/cpuinfo:
processor	: 0
vendor_id	: GenuineIntel
cpu family	: 6
model		: 15
model name	: Intel(R) Core(TM)2 Quad CPU    Q6600  @ 2.40GHz
stepping	: 11
microcode	: 0xb6
cpu MHz		: 1596.000
cache size	: 4096 KB
physical id	: 0
siblings	: 4
core id		: 0
cpu cores	: 4
apicid		: 0
initial apicid	: 0
fpu		: yes
fpu_exception	: yes
cpuid level	: 10
wp		: yes
flags		: fpu vme de pse tsc msr pae mce cx8 apic sep mtrr pge mca cmov pat pse36 clflush dts acpi mmx fxsr sse sse2 ss ht tm pbe syscall nx lm constant_tsc arch_perfmon pebs bts rep_good nopl aperfmperf pni dtes64 monitor ds_cpl vmx est tm2 ssse3 cx16 xtpr pdcm lahf_lm dtherm tpr_shadow vnmi flexpriority
bogomips	: 4775.75
clflush size	: 64
cache_alignment	: 64
address sizes	: 36 bits physical, 48 bits virtual
power management:

processor	: 1
vendor_id	: GenuineIntel
cpu family	: 6
model		: 15
model name	: Intel(R) Core(TM)2 Quad CPU    Q6600  @ 2.40GHz
stepping	: 11
microcode	: 0xb6
cpu MHz		: 1596.000
cache size	: 4096 KB
physical id	: 0
siblings	: 4
core id		: 2
cpu cores	: 4
apicid		: 2
initial apicid	: 2
fpu		: yes
fpu_exception	: yes
cpuid level	: 10
wp		: yes
flags		: fpu vme de pse tsc msr pae mce cx8 apic sep mtrr pge mca cmov pat pse36 clflush dts acpi mmx fxsr sse sse2 ss ht tm pbe syscall nx lm constant_tsc arch_perfmon pebs bts rep_good nopl aperfmperf pni dtes64 monitor ds_cpl vmx est tm2 ssse3 cx16 xtpr pdcm lahf_lm dtherm tpr_shadow vnmi flexpriority
bogomips	: 4775.75
clflush size	: 64
cache_alignment	: 64
address sizes	: 36 bits physical, 48 bits virtual
power management:

processor	: 2
vendor_id	: GenuineIntel
cpu family	: 6
model		: 15
model name	: Intel(R) Core(TM)2 Quad CPU    Q6600  @ 2.40GHz
stepping	: 11
microcode	: 0xb6
cpu MHz		: 1596.000
cache size	: 4096 KB
physical id	: 0
siblings	: 4
core id		: 1
cpu cores	: 4
apicid		: 1
initial apicid	: 1
fpu		: yes
fpu_exception	: yes
cpuid level	: 10
wp		: yes
flags		: fpu vme de pse tsc msr pae mce cx8 apic sep mtrr pge mca cmov pat pse36 clflush dts acpi mmx fxsr sse sse2 ss ht tm pbe syscall nx lm constant_tsc arch_perfmon pebs bts rep_good nopl aperfmperf pni dtes64 monitor ds_cpl vmx est tm2 ssse3 cx16 xtpr pdcm lahf_lm dtherm tpr_shadow vnmi flexpriority
bogomips	: 4775.75
clflush size	: 64
cache_alignment	: 64
address sizes	: 36 bits physical, 48 bits virtual
power management:

processor	: 3
vendor_id	: GenuineIntel
cpu family	: 6
model		: 15
model name	: Intel(R) Core(TM)2 Quad CPU    Q6600  @ 2.40GHz
stepping	: 11
microcode	: 0xb6
cpu MHz		: 1596.000
cache size	: 4096 KB
physical id	: 0
siblings	: 4
core id		: 3
cpu cores	: 4
apicid		: 3
initial apicid	: 3
fpu		: yes
fpu_exception	: yes
cpuid level	: 10
wp		: yes
flags		: fpu vme de pse tsc msr pae mce cx8 apic sep mtrr pge mca cmov pat pse36 clflush dts acpi mmx fxsr sse sse2 ss ht tm pbe syscall nx lm constant_tsc arch_perfmon pebs bts rep_good nopl aperfmperf pni dtes64 monitor ds_cpl vmx est tm2 ssse3 cx16 xtpr pdcm lahf_lm dtherm tpr_shadow vnmi flexpriority
bogomips	: 4775.75
clflush size	: 64
cache_alignment	: 64
address sizes	: 36 bits physical, 48 bits virtual
power management:



Memory: 4k page, physical 3978644k(444276k free), swap 1950716k(1851160k free)

vm_info: OpenJDK 64-Bit Server VM (23.7-b01) for linux-amd64 JRE (1.7.0_25-b30), built on Jul 15 2013 20:38:06 by "buildd" with gcc 4.6.3

time: Mon Oct  7 23:53:55 2013
elapsed time: 10 seconds

